<?xml version="1.0" encoding="UTF-8"?>
<!-- Generated by org.testng.reporters.JUnitReportReporter -->
<testsuite hostname="BHANU-LAPTOP" failures="0" tests="1" name="scripts.InvalidLogin" time="15.127" errors="0" timestamp="2021-12-24T08:15:51 IST" skipped="0">
  <testcase classname="scripts.InvalidLogin" name="testInvalidLogin" time="15.127"/>
  <system-out/>
</testsuite> <!-- scripts.InvalidLogin -->
