<?xml version="1.0" encoding="UTF-8"?>
<!-- Generated by org.testng.reporters.JUnitReportReporter -->
<testsuite hostname="BHANU-LAPTOP" failures="0" tests="1" name="scripts.Demo" time="0.008" errors="0" timestamp="2021-12-23T07:38:19 IST" skipped="0">
  <testcase classname="scripts.Demo" name="testA" time="0.008"/>
  <system-out/>
</testsuite> <!-- scripts.Demo -->
